app/proguard-rules.pro
-keepattributes Signature
-keepattributes *Annotation*
-keep class kotlin.** { *; }
-keep class kotlinx.coroutines.** { *; }