app/build/outputs/mapping/release/seeds.txt
com.automation.flipkart.service.BootReceiver
com.automation.flipkart.service.UltraFastForegroundService
com.automation.flipkart.service.UltraFastAccessibilityService
com.automation.flipkart.engine.TrafficAnalyzer$Strategy: com.automation.flipkart.engine.TrafficAnalyzer$Strategy valueOf(java.lang.String)
com.automation.flipkart.service.UltraFastForegroundService: UltraFastForegroundService()
com.automation.flipkart.service.BootReceiver: BootReceiver()
com.automation.flipkart.engine.TrafficAnalyzer$Strategy: com.automation.flipkart.engine.TrafficAnalyzer$Strategy[] values()
com.automation.flipkart.service.UltraFastAccessibilityService: UltraFastAccessibilityService()
...
kotlinx.coroutines.stream.StreamFlow$collect$1: java.lang.Object L$1
kotlin.io.encoding.Base64: int mimeLineLength
kotlinx.coroutines.flow.FlowKt__TransformKt$filter$$inlined$unsafeTransform$1$2$1: kotlinx.coroutines.flow.FlowKt__TransformKt$filter$$inlined$unsafeTransform$1$2 this$0
kotlinx.coroutines.selects.SelectClause1Impl: kotlin.jvm.functions.Function3 regFunc
kotlinx.coroutines.CancelFutureOnCancel: java.util.concurrent.Future future
kotlin.comparisons.ComparisonsKt__ComparisonsKt$compareBy$2: kotlin.jvm.functions.Function1 $selector
kotlinx.coroutines.flow.internal.CombineKt$zipImpl$1$1: kotlinx.coroutines.flow.Flow $flow
kotlinx.coroutines.scheduling.CoroutineScheduler$WorkerState: kotlinx.coroutines.scheduling.CoroutineScheduler$WorkerState CPU_ACQUIRED
kotlin.collections.builders.MapBuilder$Itr: int lastIndex
kotlinx.coroutines.internal.LockFreeTaskQueueCore: int HEAD_SHIFT
kotlin.random.XorWowRandom: int y
kotlinx.coroutines.sync.SemaphoreImpl: int permits
kotlinx.coroutines.CoroutineDispatcher: kotlinx.coroutines.CoroutineDispatcher$Key Key
kotlin.DeepRecursiveScopeImpl: java.lang.Object result
kotlinx.coroutines.scheduling.CoroutineScheduler: kotlinx.coroutines.internal.ResizableAtomicArray workers
kotlinx.coroutines.flow.FlowKt__EmittersKt$unsafeTransform$1$1$emit$1: int label
kotlin.text.Regex$special$$inlined$fromInt$1: int $value
kotlinx.coroutines.future.ContinuationHandler: kotlin.coroutines.Continuation cont
kotlinx.coroutines.BlockingCoroutine: kotlinx.coroutines.EventLoop eventLoop
kotlinx.coroutines.CoroutineName: java.lang.String name
kotlin.coroutines.intrinsics.IntrinsicsKt__IntrinsicsJvmKt$createCoroutineFromSuspendFunction$1: kotlin.jvm.functions.Function1 $block
kotlin.jvm.internal.TypeReference$WhenMappings: int[] $EnumSwitchMapping$0
kotlinx.coroutines.channels.ChannelsKt__Channels_commonKt$consumeEach$1: java.lang.Object result
kotlin.sequences.SequencesKt__SequencesKt$flatten$1: kotlin.sequences.SequencesKt__SequencesKt$flatten$1 INSTANCE
androidx.lifecycle.Lifecycle$Event: androidx.lifecycle.Lifecycle$Event ON_CREATE
kotlinx.coroutines.flow.FlowKt__ZipKt$combine$$inlined$unsafeFlow$3$1: kotlinx.coroutines.flow.FlowKt__ZipKt$combine$$inlined$unsafeFlow$3 this$0
kotlinx.coroutines.flow.FlowKt__MergeKt$flatMapConcat$$inlined$map$1$2$1: int label
kotlinx.coroutines.channels.ChannelsKt__DeprecatedKt$minWith$1: java.lang.Object L$0
kotlinx.coroutines.scheduling.WorkQueueKt: int STEAL_ANY
kotlinx.coroutines.flow.internal.FlowCoroutineKt$scopedFlow$$inlined$unsafeFlow$1: kotlin.jvm.functions.Function3 $block$inlined
kotlinx.coroutines.Dispatchers: kotlinx.coroutines.CoroutineDispatcher Default
kotlinx.coroutines.scheduling.CoroutineScheduler: long PARKED_VERSION_MASK
kotlinx.coroutines.scheduling.ExperimentalCoroutineDispatcher: long idleWorkerKeepAliveNs
kotlinx.coroutines.flow.internal.ChannelFlowTransformLatest$flowCollect$3$1$2: kotlinx.coroutines.flow.internal.ChannelFlowTransformLatest this$0
kotlinx.coroutines.flow.internal.CombineKt$combineInternal$2: java.lang.Object L$0
kotlinx.coroutines.channels.TickerChannelsKt$ticker$3: int label
kotlin.jvm.internal.CharCompanionObject: char MIN_LOW_SURROGATE
kotlin.random.XorWowRandom: long serialVersionUID
kotlin.io.path.PathsKt__PathRecursiveFunctionsKt$copyToRecursively$5$3: java.nio.file.Path $this_copyToRecursively
kotlinx.coroutines.channels.BroadcastChannelImpl$registerSelectForSend$2: kotlinx.coroutines.selects.SelectInstance $select
kotlin.jvm.internal.CharCompanionObject: int SIZE_BYTES
kotlinx.coroutines.CompletedContinuation: java.lang.Object result
kotlinx.coroutines.scheduling.SchedulerCoroutineDispatcher: int maxPoolSize
kotlin.io.LinesSequence$iterator$1: boolean done
kotlin.io.path.OnErrorResult: kotlin.io.path.OnErrorResult TERMINATE
kotlin.enums.EnumEntriesSerializationProxy: long serialVersionUID
kotlinx.coroutines.internal.WeakMapCtorCache: kotlinx.coroutines.internal.WeakMapCtorCache INSTANCE