app/build/outputs/mapping/release/mapping.txt
# compiler: R8
# compiler_version: 8.0.46
# min_api: 24
# common_typos_disable
# {"id":"com.android.tools.r8.mapping","version":"2.1"}
# pg_map_id: af9ae64
# pg_map_hash: SHA-256 af9ae640555fd55b05785ef7608c6b11d33197f5854084f1490f95050e0b76c4
com.automation.flipkart.config.UltraConfig -> f1.b:
    com.automation.flipkart.config.UltraConfig$ButtonPattern[] ULTRA_FAST_PATTERNS -> a
    0:65535:void <clinit>():0:0 -> <clinit>
com.automation.flipkart.config.UltraConfig$ButtonPattern -> f1.a:
    java.util.List resourceIds -> b
    java.util.List contentDescriptions -> c
    boolean isCritical -> e
    java.lang.String text -> a
    int priority -> d
    0:65535:void <init>(java.lang.String,java.util.List,java.util.List,int,boolean):0:0 -> <init>
    0:65535:boolean equals(java.lang.Object):0:0 -> equals
    0:65535:int hashCode():0:0 -> hashCode
    0:65535:java.lang.String toString():0:0 -> toString
com.automation.flipkart.engine.ClickEngine$performDirectClick$2 -> g1.a:
    java.lang.Object L$1 -> d
    com.automation.flipkart.engine.TrafficAnalyzer$Strategy $strategy -> f
    java.lang.Object L$0 -> c
    android.view.accessibility.AccessibilityNodeInfo $node -> g
    int label -> e
    int I$1 -> b
    int I$0 -> a
    0:65535:void <init>(com.automation.flipkart.engine.TrafficAnalyzer$Strategy,android.view.accessibility.AccessibilityNodeInfo,kotlin.coroutines.Continuation):0:0 -> <init>
    0:65535:kotlin.coroutines.Continuation create(java.lang.Object,kotlin.coroutines.Continuation):0:0 -> create
    5:17:java.lang.Object com.automation.flipkart.engine.ClickEngine$performDirectClick$2.invoke(kotlinx.coroutines.CoroutineScope,kotlin.coroutines.Continuation):0:0 -> invoke
    5:17:java.lang.Object invoke(java.lang.Object,java.lang.Object):0 -> invoke
    39:40:int com.automation.flipkart.engine.TrafficAnalyzer$Strategy.getClickRetries():0:0 -> invokeSuspend
    39:40:java.lang.Object invokeSuspend(java.lang.Object):0 -> invokeSuspend
      # {"id":"com.android.tools.r8.rewriteFrame","conditions":["throws(Ljava/lang/NullPointerException;)"],"actions":["removeInnerFrames(1)"]}
    41:62:java.lang.Object invokeSuspend(java.lang.Object):0:0 -> invokeSuspend
    63:67:int com.automation.flipkart.engine.TrafficAnalyzer$Strategy.getClickRetries():0:0 -> invokeSuspend
    63:67:java.lang.Object invokeSuspend(java.lang.Object):0 -> invokeSuspend
com.automation.flipkart.engine.ClickEngine$performGestureClick$2 -> g1.d:
    com.automation.flipkart.engine.TrafficAnalyzer$Strategy $strategy -> c
    com.automation.flipkart.engine.ClickEngine this$0 -> d
    int label -> a
    android.graphics.Rect $bounds -> b
    0:65535:void <init>(android.graphics.Rect,com.automation.flipkart.engine.TrafficAnalyzer$Strategy,com.automation.flipkart.engine.ClickEngine,kotlin.coroutines.Continuation):0:0 -> <init>
    0:65535:kotlin.coroutines.Continuation create(java.lang.Object,kotlin.coroutines.Continuation):0:0 -> create
    5:17:java.lang.Object com.automation.flipkart.engine.ClickEngine$performGestureClick$2.invoke(kotlinx.coroutines.CoroutineScope,kotlin.coroutines.Continuation):0:0 -> invoke
    5:17:java.lang.Object invoke(java.lang.Object,java.lang.Object):0 -> invoke
    59:62:int com.automation.flipkart.engine.TrafficAnalyzer$Strategy.getGestureSpeed():0:0 -> invokeSuspend
    59:62:java.lang.Object invokeSuspend(java.lang.Object):0 -> invokeSuspend
      # {"id":"com.android.tools.r8.rewriteFrame","conditions":["throws(Ljava/lang/NullPointerException;)"],"actions":["removeInnerFrames(1)"]}
    63:80:java.lang.Object invokeSuspend(java.lang.Object):0:0 -> invokeSuspend
    81:84:android.accessibilityservice.AccessibilityService com.automation.flipkart.engine.ClickEngine.access$getService$p(com.automation.flipkart.engine.ClickEngine):0:0 -> invokeSuspend
com.automation.flipkart.engine.ClickEngine$performGestureClick$2$1 -> g1.b:
    kotlinx.coroutines.CompletableDeferred $result -> a
    0:65535:void <init>(kotlinx.coroutines.CompletableDeferred):0:0 -> <init>
    0:65535:void onCancelled(android.accessibilityservice.GestureDescription):0:0 -> onCancelled
    0:65535:void onCompleted(android.accessibilityservice.GestureDescription):0:0 -> onCompleted
...
kotlinx.coroutines.flow.FlowKt__ZipKt$combineTransform$$inlined$combineTransformUnsafe$FlowKt__ZipKt$2$1 -> kotlinx.coroutines.flow.FlowKt__ZipKt$combineTransform$$inlined$combineTransformUnsafe$FlowKt__ZipKt$2$1:
    1:1:java.lang.Object invoke(java.lang.Object,java.lang.Object,java.lang.Object):0:0 -> invoke
    2:2:java.lang.Object invoke(kotlinx.coroutines.flow.FlowCollector,java.lang.Object[],kotlin.coroutines.Continuation):0:0 -> invoke
kotlinx.coroutines.flow.FlowKt__ZipKt$combineTransform$$inlined$combineTransformUnsafe$FlowKt__ZipKt$3 -> kotlinx.coroutines.flow.FlowKt__ZipKt$combineTransform$$inlined$combineTransformUnsafe$FlowKt__ZipKt$3:
    1:1:java.lang.Object invoke(java.lang.Object,java.lang.Object):0:0 -> invoke
    2:2:java.lang.Object invoke(kotlinx.coroutines.flow.FlowCollector,kotlin.coroutines.Continuation):0:0 -> invoke
kotlinx.coroutines.flow.FlowKt__ZipKt$combineTransform$$inlined$combineTransformUnsafe$FlowKt__ZipKt$3$1 -> kotlinx.coroutines.flow.FlowKt__ZipKt$combineTransform$$inlined$combineTransformUnsafe$FlowKt__ZipKt$3$1:
    1:1:java.lang.Object invoke(java.lang.Object,java.lang.Object,java.lang.Object):0:0 -> invoke
    2:2:java.lang.Object invoke(kotlinx.coroutines.flow.FlowCollector,java.lang.Object[],kotlin.coroutines.Continuation):0:0 -> invoke
kotlinx.coroutines.flow.FlowKt__ZipKt$combineTransform$$inlined$combineTransformUnsafe$FlowKt__ZipKt$4 -> kotlinx.coroutines.flow.FlowKt__ZipKt$combineTransform$$inlined$combineTransformUnsafe$FlowKt__ZipKt$4:
    1:1:java.lang.Object invoke(java.lang.Object,java.lang.Object):0:0 -> invoke
    2:2:java.lang.Object invoke(kotlinx.coroutines.flow.FlowCollector,kotlin.coroutines.Continuation):0:0 -> invoke
kotlinx.coroutines.flow.FlowKt__ZipKt$combineTransform$$inlined$combineTransformUnsafe$FlowKt__ZipKt$4$1 -> kotlinx.coroutines.flow.FlowKt__ZipKt$combineTransform$$inlined$combineTransformUnsafe$FlowKt__ZipKt$4$1:
    1:1:java.lang.Object invoke(java.lang.Object,java.lang.Object,java.lang.Object):0:0 -> invoke
    2:2:java.lang.Object invoke(kotlinx.coroutines.flow.FlowCollector,java.lang.Object[],kotlin.coroutines.Continuation):0:0 -> invoke
kotlinx.coroutines.flow.FlowKt__ZipKt$combineTransform$$inlined$combineTransformUnsafe$FlowKt__ZipKt$5 -> kotlinx.coroutines.flow.FlowKt__ZipKt$combineTransform$$inlined$combineTransformUnsafe$FlowKt__ZipKt$5:
    1:1:java.lang.Object invoke(java.lang.Object,java.lang.Object):0:0 -> invoke
    2:2:java.lang.Object invoke(kotlinx.coroutines.flow.FlowCollector,kotlin.coroutines.Continuation):0:0 -> invoke
kotlinx.coroutines.flow.FlowKt__ZipKt$combineTransform$$inlined$combineTransformUnsafe$FlowKt__ZipKt$5$1 -> kotlinx.coroutines.flow.FlowKt__ZipKt$combineTransform$$inlined$combineTransformUnsafe$FlowKt__ZipKt$5$1:
    1:1:java.lang.Object invoke(java.lang.Object,java.lang.Object,java.lang.Object):0:0 -> invoke
    2:2:java.lang.Object invoke(kotlinx.coroutines.flow.FlowCollector,java.lang.Object[],kotlin.coroutines.Continuation):0:0 -> invoke
kotlinx.coroutines.flow.FlowKt__ZipKt$combineTransform$6 -> kotlinx.coroutines.flow.FlowKt__ZipKt$combineTransform$6:
    1:1:java.lang.Object invoke(java.lang.Object,java.lang.Object):0:0 -> invoke
    2:2:java.lang.Object invoke(kotlinx.coroutines.flow.FlowCollector,kotlin.coroutines.Continuation):0:0 -> invoke
kotlinx.coroutines.flow.FlowKt__ZipKt$combineTransform$6$1 -> kotlinx.coroutines.flow.FlowKt__ZipKt$combineTransform$6$1:
    1:1:java.lang.Object invoke():0:0 -> invoke
    2:2:java.lang.Object[] invoke():0:0 -> invoke
kotlinx.coroutines.flow.FlowKt__ZipKt$combineTransform$6$2 -> kotlinx.coroutines.flow.FlowKt__ZipKt$combineTransform$6$2:
    1:1:java.lang.Object invoke(java.lang.Object,java.lang.Object,java.lang.Object):0:0 -> invoke
    2:2:java.lang.Object invoke(kotlinx.coroutines.flow.FlowCollector,java.lang.Object[],kotlin.coroutines.Continuation):0:0 -> invoke