app/build/outputs/mapping/release/usage.txt
com.automation.flipkart.BuildConfig
com.automation.flipkart.R$anim
com.automation.flipkart.R$animator
com.automation.flipkart.R$attr
com.automation.flipkart.R$bool
com.automation.flipkart.R$color
com.automation.flipkart.R$dimen
com.automation.flipkart.R$drawable
com.automation.flipkart.R$id
com.automation.flipkart.R$integer
com.automation.flipkart.R$interpolator
com.automation.flipkart.R$layout
com.automation.flipkart.R$string
com.automation.flipkart.R$style
com.automation.flipkart.R$styleable
com.automation.flipkart.R$xml
com.automation.flipkart.R
com.automation.flipkart.config.UltraConfig$ButtonPattern:
    public final java.lang.String component1()
    public final java.util.List component2()
    public final java.util.List component3()
    public final int component4()
    public final boolean component5()
    public final com.automation.flipkart.config.UltraConfig$ButtonPattern copy(java.lang.String,java.util.List,java.util.List,int,boolean)
    public static synthetic com.automation.flipkart.config.UltraConfig$ButtonPattern copy$default(com.automation.flipkart.config.UltraConfig$ButtonPattern,java.lang.String,java.util.List,java.util.List,int,boolean,int,java.lang.Object)
    public final int getPriority()
    public final boolean matches(java.lang.String)
com.automation.flipkart.config.UltraConfig:
    public static final long CACHE_TTL
    public static final int MAX_CONCURRENT_CLICKS
    public static final long MIN_EVENT_INTERVAL
com.automation.flipkart.service.UltraFastAccessibilityService$CachedNodeInfo:
    public final android.view.accessibility.AccessibilityNodeInfo component1()
    public final long component2()
    public final android.graphics.Rect component3()
    public final com.automation.flipkart.service.UltraFastAccessibilityService$CachedNodeInfo copy(android.view.accessibility.AccessibilityNodeInfo,long,android.graphics.Rect)
    public static synthetic com.automation.flipkart.service.UltraFastAccessibilityService$CachedNodeInfo copy$default(com.automation.flipkart.service.UltraFastAccessibilityService$CachedNodeInfo,android.view.accessibility.AccessibilityNodeInfo,long,android.graphics.Rect,int,java.lang.Object)
com.automation.flipkart.service.UltraFastAccessibilityService$ClickResult:
    public final java.lang.String component1()
    public final boolean component2()
    public final long component3()
    public final com.automation.flipkart.service.UltraFastAccessibilityService$ClickResult copy(java.lang.String,boolean,long)
    public static synthetic com.automation.flipkart.service.UltraFastAccessibilityService$ClickResult copy$default(com.automation.flipkart.service.UltraFastAccessibilityService$ClickResult,java.lang.String,boolean,long,int,java.lang.Object)
    public final java.lang.String getButtonText()
    public final long getProcessingTime()
    public final void setProcessingTime(long)
com.automation.flipkart.service.UltraFastAccessibilityService$ClickResults:
    public void <init>()
    public final int component1()
    public final int component2()
    public final com.automation.flipkart.service.UltraFastAccessibilityService$ClickResults copy(int,int)
    public static synthetic com.automation.flipkart.service.UltraFastAccessibilityService$ClickResults copy$default(com.automation.flipkart.service.UltraFastAccessibilityService$ClickResults,int,int,int,java.lang.Object)
    public final int getTotalAttempts()
com.automation.flipkart.service.UltraFastForegroundService:
    private static final java.lang.String CHANNEL_ID
    private static final int NOTIFICATION_ID
com.automation.flipkart.utils.PerformanceMonitor$Companion
com.automation.flipkart.utils.PerformanceMonitor$OperationData
com.automation.flipkart.utils.PerformanceMonitor$OperationStats
com.automation.flipkart.utils.PerformanceMonitor$getRecentPerformanceTrend$lambda$12$$inlined$sortedBy$1
com.automation.flipkart.utils.PerformanceMonitor
...
androidx.fragment.app.Fragment$3
androidx.fragment.app.Fragment$4
androidx.fragment.app.Fragment$5
androidx.fragment.app.Fragment$6
androidx.fragment.app.Fragment$7
androidx.fragment.app.Fragment$8
androidx.fragment.app.Fragment$9
androidx.fragment.app.Fragment$AnimationInfo
androidx.fragment.app.Fragment$InstantiationException
androidx.fragment.app.Fragment$OnPreAttachedListener
androidx.fragment.app.Fragment$OnStartEnterTransitionListener
androidx.fragment.app.Fragment$SavedState$1
androidx.fragment.app.Fragment$SavedState
androidx.fragment.app.Fragment
androidx.fragment.app.FragmentActivity$1
androidx.fragment.app.FragmentActivity$2
androidx.fragment.app.FragmentActivity$HostCallbacks
androidx.fragment.app.FragmentActivity
androidx.fragment.app.FragmentAnim$1
androidx.fragment.app.FragmentAnim$2$1
androidx.fragment.app.FragmentAnim$2
androidx.fragment.app.FragmentAnim$3
androidx.fragment.app.FragmentAnim$AnimationOrAnimator
androidx.fragment.app.FragmentAnim$EndViewTransitionAnimation
androidx.fragment.app.FragmentAnim
androidx.fragment.app.FragmentContainer
androidx.fragment.app.FragmentContainerView
androidx.fragment.app.FragmentController
androidx.fragment.app.FragmentFactory
androidx.fragment.app.FragmentHostCallback
androidx.fragment.app.FragmentLayoutInflaterFactory$1
androidx.fragment.app.FragmentLayoutInflaterFactory
androidx.fragment.app.FragmentLifecycleCallbacksDispatcher$FragmentLifecycleCallbacksHolder
androidx.fragment.app.FragmentLifecycleCallbacksDispatcher
androidx.fragment.app.FragmentManager$10
androidx.fragment.app.FragmentManager$11
androidx.fragment.app.FragmentManager$1
androidx.fragment.app.FragmentManager$2
androidx.fragment.app.FragmentManager$3
androidx.fragment.app.FragmentManager$4
androidx.fragment.app.FragmentManager$5
androidx.fragment.app.FragmentManager$6
androidx.fragment.app.FragmentManager$7
androidx.fragment.app.FragmentManager$8
androidx.fragment.app.FragmentManager$9
androidx.fragment.app.FragmentManager$BackStackEntry
androidx.fragment.app.FragmentManager$FragmentIntentSenderContract
androidx.fragment.app.FragmentManager$FragmentLifecycleCallbacks
androidx.fragment.app.FragmentManager$LaunchedFragmentInfo$1
androidx.fragment.app.FragmentManager$LaunchedFragmentInfo
androidx.fragment.app.FragmentManager$LifecycleAwareResultListener
androidx.fragment.app.FragmentManager$OnBackStackChangedListener
androidx.fragment.app.FragmentManager$OpGenerator
androidx.fragment.app.FragmentManager$PopBackStackState
androidx.fragment.app.FragmentManager$StartEnterTransitionListener
androidx.fragment.app.FragmentManager
androidx.fragment.app.FragmentManagerImpl
androidx.fragment.app.FragmentManagerNonConfig
androidx.fragment.app.FragmentManagerState$1
androidx.fragment.app.FragmentManagerState
androidx.fragment.app.FragmentManagerViewModel$1
androidx.fragment.app.FragmentManagerViewModel
androidx.fragment.app.FragmentOnAttachListener
androidx.fragment.app.FragmentPagerAdapter
androidx.fragment.app.FragmentResultListener
androidx.fragment.app.FragmentResultOwner
androidx.fragment.app.FragmentState$1
androidx.fragment.app.FragmentState
androidx.fragment.app.FragmentStateManager$1
androidx.fragment.app.FragmentStateManager$2
androidx.fragment.app.FragmentStateManager
androidx.fragment.app.FragmentStateManagerControl
androidx.fragment.app.FragmentStatePagerAdapter
androidx.fragment.app.FragmentStore
androidx.fragment.app.FragmentTabHost$DummyTabFactory
androidx.fragment.app.FragmentTabHost$SavedState$1
androidx.fragment.app.FragmentTabHost$SavedState
androidx.fragment.app.FragmentTabHost$TabInfo
androidx.fragment.app.FragmentTabHost
androidx.fragment.app.FragmentTransaction$Op
androidx.fragment.app.FragmentTransaction
androidx.fragment.app.FragmentTransition$1
androidx.fragment.app.FragmentTransition$2
androidx.fragment.app.FragmentTransition$3
androidx.fragment.app.FragmentTransition$4
androidx.fragment.app.FragmentTransition$5
androidx.fragment.app.FragmentTransition$6